Unity Editor version:    2022.3.23f1 (dbb3f7c5b5c6)
Branch:                  2022.3/staging
Build type:              Release
Batch mode:              YES
System name:             Linux
Distro version:          #1 SMP PREEMPT_DYNAMIC Fri, 05 Apr 2024 00:14:23 +0000
Kernel version:          6.8.4-arch1-1
Architecture:            x86_64
Available memory:        7817 MB
Using pre-set license
Pro License: YES

(Unity:3373): Gtk-CRITICAL **: 15:59:44.383: gtk_window_set_default_icon: assertion 'GDK_IS_PIXBUF (icon)' failed

(Unity:3373): GLib-GObject-CRITICAL **: 15:59:44.383: g_object_unref: assertion 'G_IS_OBJECT (object)' failed
Desktop is 1920 x 1080 @ 60 Hz
Initialize udev device monitor.

COMMAND LINE ARGUMENTS:
Unity
-adb2
-batchMode
-noUpm
-name
AssetImportWorker0
-projectPath
/home/vixy/Unity projects/Visite-du-Lien/New Visite Lien
-logFile
Logs/AssetImportWorker0.log
-srvPort
34065
Successfully changed project path to: /home/vixy/Unity projects/Visite-du-Lien/New Visite Lien
/home/vixy/Unity projects/Visite-du-Lien/New Visite Lien
[UnityMemory] Configuration Parameters - Can be set up in boot.config
    "memorysetup-bucket-allocator-granularity=16"
    "memorysetup-bucket-allocator-bucket-count=8"
    "memorysetup-bucket-allocator-block-size=33554432"
    "memorysetup-bucket-allocator-block-count=8"
    "memorysetup-main-allocator-block-size=16777216"
    "memorysetup-thread-allocator-block-size=16777216"
    "memorysetup-gfx-main-allocator-block-size=16777216"
    "memorysetup-gfx-thread-allocator-block-size=16777216"
    "memorysetup-cache-allocator-block-size=4194304"
    "memorysetup-typetree-allocator-block-size=2097152"
    "memorysetup-profiler-bucket-allocator-granularity=16"
    "memorysetup-profiler-bucket-allocator-bucket-count=8"
    "memorysetup-profiler-bucket-allocator-block-size=33554432"
    "memorysetup-profiler-bucket-allocator-block-count=8"
    "memorysetup-profiler-allocator-block-size=16777216"
    "memorysetup-profiler-editor-allocator-block-size=1048576"
    "memorysetup-temp-allocator-size-main=16777216"
    "memorysetup-job-temp-allocator-block-size=2097152"
    "memorysetup-job-temp-allocator-block-size-background=1048576"
    "memorysetup-job-temp-allocator-reduction-small-platforms=262144"
    "memorysetup-allocator-temp-initial-block-size-main=262144"
    "memorysetup-allocator-temp-initial-block-size-worker=262144"
    "memorysetup-temp-allocator-size-background-worker=32768"
    "memorysetup-temp-allocator-size-job-worker=262144"
    "memorysetup-temp-allocator-size-preload-manager=33554432"
    "memorysetup-temp-allocator-size-nav-mesh-worker=65536"
    "memorysetup-temp-allocator-size-audio-worker=65536"
    "memorysetup-temp-allocator-size-cloud-worker=32768"
    "memorysetup-temp-allocator-size-gi-baking-worker=262144"
    "memorysetup-temp-allocator-size-gfx=262144"
Player connection [123914353701632] Host "[IP] 192.168.204.249 [Port] 0 [Flags] 2 [Guid] 2560697885 [EditorId] 2560697885 [Version] 1048832 [Id] LinuxEditor(16,192.168.204.249) [Debug] 1 [PackageName] LinuxEditor [ProjectName] Editor" joined multi-casting on [225.0.0.222:54997]...

Player connection [123914353701632] Host "[IP] 192.168.204.249 [Port] 0 [Flags] 2 [Guid] 2560697885 [EditorId] 2560697885 [Version] 1048832 [Id] LinuxEditor(16,192.168.204.249) [Debug] 1 [PackageName] LinuxEditor [ProjectName] Editor" joined alternative multi-casting on [225.0.0.222:34997]...

[Physics::Module] Initialized MultithreadedJobDispatcher with 7 workers.
Refreshing native plugins compatible for Editor in 15.61 ms, found 1 plugins.
Preloading 0 native plugins for Editor in 0.00 ms.
Initialize engine version: 2022.3.23f1 (dbb3f7c5b5c6)
[Subsystems] Discovering subsystems at path /home/vixy/Unity/Hub/Editor/2022.3.23f1/Editor/Data/Resources/UnitySubsystems
[Subsystems] Discovering subsystems at path /home/vixy/Unity projects/Visite-du-Lien/New Visite Lien/Assets
GLX Extensions: GLX_ARB_context_flush_control GLX_ARB_create_context GLX_ARB_create_context_no_error GLX_ARB_create_context_profile GLX_ARB_create_context_robustness GLX_ARB_fbconfig_float GLX_ARB_framebuffer_sRGB GLX_ARB_get_proc_address GLX_ARB_multisample GLX_EXT_buffer_age GLX_EXT_create_context_es2_profile GLX_EXT_create_context_es_profile GLX_EXT_fbconfig_packed_float GLX_EXT_framebuffer_sRGB GLX_EXT_no_config_context GLX_EXT_swap_control GLX_EXT_swap_control_tear GLX_EXT_texture_from_pixmap GLX_EXT_visual_info GLX_EXT_visual_rating GLX_MESA_copy_sub_buffer GLX_MESA_gl_interop GLX_MESA_query_renderer GLX_MESA_swap_control GLX_OML_sync_control GLX_SGIS_multisample GLX_SGIX_fbconfig GLX_SGIX_pbuffer GLX_SGIX_visual_select_group GLX_SGI_make_current_read GLX_SGI_video_sync 
Renderer: Mesa Intel(R) UHD Graphics 630 (CFL GT2)
Vendor:   Intel
Version:  4.6 (Core Profile) Mesa 24.0.4-arch1.2
GLES:     0
 GL_3DFX_texture_compression_FXT1 GL_AMD_conservative_depth GL_AMD_depth_clamp_separate GL_AMD_draw_buffers_blend GL_AMD_gpu_shader_int64 GL_AMD_multi_draw_indirect GL_AMD_performance_monitor GL_AMD_pinned_memory GL_AMD_query_buffer_object GL_AMD_seamless_cubemap_per_texture GL_AMD_shader_stencil_export GL_AMD_shader_trinary_minmax GL_AMD_texture_texture4 GL_AMD_vertex_shader_layer GL_AMD_vertex_shader_viewport_index GL_ANGLE_texture_compression_dxt3 GL_ANGLE_texture_compression_dxt5 GL_ARB_ES2_compatibility GL_ARB_ES3_1_compatibility GL_ARB_ES3_2_compatibility GL_ARB_ES3_compatibility GL_ARB_arrays_of_arrays GL_ARB_base_instance GL_ARB_blend_func_extended GL_ARB_buffer_storage GL_ARB_clear_buffer_object GL_ARB_clear_texture GL_ARB_clip_control GL_ARB_compressed_texture_pixel_storage GL_ARB_compute_shader GL_ARB_compute_variable_group_size GL_ARB_conditional_render_inverted GL_ARB_conservative_depth GL_ARB_copy_buffer GL_ARB_copy_image GL_ARB_cull_distance GL_ARB_debug_output GL_ARB_depth_buffer_float GL_ARB
_depth_clamp GL_ARB_derivative_control GL_ARB_direct_state_access GL_ARB_draw_buffers GL_ARB_draw_buffers_blend GL_ARB_draw_elements_base_vertex GL_ARB_draw_indirect GL_ARB_draw_instanced GL_ARB_enhanced_layouts GL_ARB_explicit_attrib_location GL_ARB_explicit_uniform_location GL_ARB_fragment_coord_conventions GL_ARB_fragment_layer_viewport GL_ARB_fragment_shader GL_ARB_fragment_shader_interlock GL_ARB_framebuffer_no_attachments GL_ARB_framebuffer_object GL_ARB_framebuffer_sRGB GL_ARB_get_program_binary GL_ARB_get_texture_sub_image GL_ARB_gl_spirv GL_ARB_gpu_shader5 GL_ARB_gpu_shader_fp64 GL_ARB_gpu_shader_int64 GL_ARB_half_float_pixel GL_ARB_half_float_vertex GL_ARB_indirect_parameters GL_ARB_instanced_arrays GL_ARB_internalformat_query GL_ARB_internalformat_query2 GL_ARB_invalidate_subdata GL_ARB_map_buffer_alignment GL_ARB_map_buffer_range GL_ARB_multi_bind GL_ARB_multi_draw_indirect GL_ARB_occlusion_query2 GL_ARB_parallel_shader_compile GL_ARB_pipeline_statistics_query GL_ARB_pixel_buffer_object GL_ARB_po
int_sprite GL_ARB_polygon_offset_clamp GL_ARB_post_depth_coverage GL_ARB_program_interface_query GL_ARB_provoking_vertex GL_ARB_query_buffer_object GL_ARB_robust_buffer_access_behavior GL_ARB_robustness GL_ARB_sample_shading GL_ARB_sampler_objects GL_ARB_seamless_cube_map GL_ARB_seamless_cubemap_per_texture GL_ARB_separate_shader_objects GL_ARB_shader_atomic_counter_ops GL_ARB_shader_atomic_counters GL_ARB_shader_ballot GL_ARB_shader_bit_encoding GL_ARB_shader_clock GL_ARB_shader_draw_parameters GL_ARB_shader_group_vote GL_ARB_shader_image_load_store GL_ARB_shader_image_size GL_ARB_shader_objects GL_ARB_shader_precision GL_ARB_shader_stencil_export GL_ARB_shader_storage_buffer_object GL_ARB_shader_subroutine GL_ARB_shader_texture_image_samples GL_ARB_shader_texture_lod GL_ARB_shader_viewport_layer_array GL_ARB_shading_language_420pack GL_ARB_shading_language_include GL_ARB_shading_language_packing GL_ARB_spirv_extensions GL_ARB_stencil_texturing GL_ARB_sync GL_ARB_tessellation_shader GL_ARB_texture_barrier G
L_ARB_texture_border_clamp GL_ARB_texture_buffer_object GL_ARB_texture_buffer_object_rgb32 GL_ARB_texture_buffer_range GL_ARB_texture_compression_bptc GL_ARB_texture_compression_rgtc GL_ARB_texture_cube_map_array GL_ARB_texture_filter_anisotropic GL_ARB_texture_float GL_ARB_texture_gather GL_ARB_texture_mirror_clamp_to_edge GL_ARB_texture_multisample GL_ARB_texture_non_power_of_two GL_ARB_texture_query_levels GL_ARB_texture_query_lod GL_ARB_texture_rectangle GL_ARB_texture_rg GL_ARB_texture_rgb10_a2ui GL_ARB_texture_stencil8 GL_ARB_texture_storage GL_ARB_texture_storage_multisample GL_ARB_texture_swizzle GL_ARB_texture_view GL_ARB_timer_query GL_ARB_transform_feedback2 GL_ARB_transform_feedback3 GL_ARB_transform_feedback_instanced GL_ARB_transform_feedback_overflow_query GL_ARB_uniform_buffer_object GL_ARB_vertex_array_bgra GL_ARB_vertex_array_object GL_ARB_vertex_attrib_64bit GL_ARB_vertex_attrib_binding GL_ARB_vertex_buffer_object GL_ARB_vertex_shader GL_ARB_vertex_type_10f_11f_11f_rev GL_ARB_vertex_type_2
_10_10_10_rev GL_ARB_viewport_array GL_ATI_blend_equation_separate GL_ATI_texture_float GL_EXT_EGL_image_storage GL_EXT_EGL_sync GL_EXT_abgr GL_EXT_blend_equation_separate GL_EXT_debug_label GL_EXT_demote_to_helper_invocation GL_EXT_draw_buffers2 GL_EXT_draw_instanced GL_EXT_framebuffer_blit GL_EXT_framebuffer_multisample GL_EXT_framebuffer_multisample_blit_scaled GL_EXT_framebuffer_object GL_EXT_framebuffer_sRGB GL_EXT_memory_object GL_EXT_memory_object_fd GL_EXT_packed_depth_stencil GL_EXT_packed_float GL_EXT_pixel_buffer_object GL_EXT_polygon_offset_clamp GL_EXT_provoking_vertex GL_EXT_semaphore GL_EXT_semaphore_fd GL_EXT_shader_framebuffer_fetch GL_EXT_shader_framebuffer_fetch_non_coherent GL_EXT_shader_integer_mix GL_EXT_shader_samples_identical GL_EXT_texture_array GL_EXT_texture_compression_dxt1 GL_EXT_texture_compression_rgtc GL_EXT_texture_compression_s3tc GL_EXT_texture_filter_anisotropic GL_EXT_texture_integer GL_EXT_texture_sRGB GL_EXT_texture_sRGB_R8 GL_EXT_texture_sRGB_decode GL_EXT_texture_sha
dow_lod GL_EXT_texture_shared_exponent GL_EXT_texture_snorm GL_EXT_texture_swizzle GL_EXT_timer_query GL_EXT_transform_feedback GL_EXT_vertex_array_bgra GL_EXT_vertex_attrib_64bit GL_IBM_multimode_draw_arrays GL_INTEL_blackhole_render GL_INTEL_conservative_rasterization GL_INTEL_performance_query GL_INTEL_shader_atomic_float_minmax GL_INTEL_shader_integer_functions2 GL_KHR_blend_equation_advanced GL_KHR_blend_equation_advanced_coherent GL_KHR_context_flush_control GL_KHR_debug GL_KHR_no_error GL_KHR_parallel_shader_compile GL_KHR_robust_buffer_access_behavior GL_KHR_robustness GL_KHR_texture_compression_astc_ldr GL_KHR_texture_compression_astc_sliced_3d GL_MESA_framebuffer_flip_y GL_MESA_pack_invert GL_MESA_shader_integer_functions GL_MESA_texture_const_bandwidth GL_MESA_texture_signed_rgba GL_NV_alpha_to_coverage_dither_control GL_NV_compute_shader_derivatives GL_NV_conditional_render GL_NV_copy_image GL_NV_depth_clamp GL_NV_fragment_shader_interlock GL_NV_packed_depth_stencil GL_NV_texture_barrier GL_OES_E
GL_image GL_S3_s3tc
OPENGL LOG: Creating OpenGL 4.6 graphics device ; Context level  <OpenGL 4.5> ; Context handle -777191680
Shader Hidden/ProbeVolume/VoxelizeScene is not supported: GPU does not support conservative rasterization
Initialize mono
Mono path[0] = '/home/vixy/Unity/Hub/Editor/2022.3.23f1/Editor/Data/Managed'
Mono path[1] = '/home/vixy/Unity/Hub/Editor/2022.3.23f1/Editor/Data/MonoBleedingEdge/lib/mono/unityjit-linux'
Mono config path = '/home/vixy/Unity/Hub/Editor/2022.3.23f1/Editor/Data/MonoBleedingEdge/etc'
Using monoOptions --debugger-agent=transport=dt_socket,embedding=1,server=y,suspend=n,address=127.0.0.1:56373
Begin MonoManager ReloadAssembly
Registering precompiled unity dll's ...
Register platform support module: /home/vixy/Unity/Hub/Editor/2022.3.23f1/Editor/Data/PlaybackEngines/WebGLSupport/UnityEditor.WebGL.Extensions.dll
Register platform support module: /home/vixy/Unity/Hub/Editor/2022.3.23f1/Editor/Data/PlaybackEngines/AndroidPlayer/UnityEditor.Android.Extensions.dll
Register platform support module: /home/vixy/Unity/Hub/Editor/2022.3.23f1/Editor/Data/PlaybackEngines/iOSSupport/UnityEditor.iOS.Extensions.dll
Register platform support module: /home/vixy/Unity/Hub/Editor/2022.3.23f1/Editor/Data/PlaybackEngines/LinuxStandaloneSupport/UnityEditor.LinuxStandalone.Extensions.dll
Registered in 0.027990 seconds.
- Loaded All Assemblies, in  0.823 seconds
Native extension for LinuxStandalone target not found
[usbmuxd] Start listen thread
[usbmuxd] Listen thread started
Native extension for iOS target not found
Native extension for Android target not found
Android Extension - Scanning For ADB Devices 209 ms
Native extension for WebGL target not found
Mono: successfully reloaded assembly
- Finished resetting the current domain, in  0.864 seconds
Domain Reload Profiling: 1687ms
	BeginReloadAssembly (239ms)
		ExecutionOrderSort (0ms)
		DisableScriptedObjects (0ms)
		BackupInstance (0ms)
		ReleaseScriptingObjects (0ms)
		CreateAndSetChildDomain (1ms)
	RebuildCommonClasses (64ms)
	RebuildNativeTypeToScriptingClass (16ms)
	initialDomainReloadingComplete (153ms)
	LoadAllAssembliesAndSetupDomain (350ms)
		LoadAssemblies (240ms)
		RebuildTransferFunctionScriptingTraits (0ms)
		AnalyzeDomain (344ms)
			TypeCache.Refresh (342ms)
				TypeCache.ScanAssembly (316ms)
			ScanForSourceGeneratedMonoScriptInfo (1ms)
			ResolveRequiredComponents (1ms)
	FinalizeReload (865ms)
		ReleaseScriptCaches (0ms)
		RebuildScriptCaches (0ms)
		SetupLoadedEditorAssemblies (745ms)
			LogAssemblyErrors (0ms)
			InitializePlatformSupportModulesInManaged (457ms)
			SetLoadedEditorAssemblies (5ms)
			RefreshPlugins (0ms)
			BeforeProcessingInitializeOnLoad (4ms)
			ProcessInitializeOnLoadAttributes (200ms)
			ProcessInitializeOnLoadMethodAttributes (78ms)
			AfterProcessingInitializeOnLoad (0ms)
			EditorAssembliesLoaded (0ms)
		ExecutionOrderSort2 (0ms)
		AwakeInstancesAfterBackupRestoration (0ms)
========================================================================
Worker process is ready to serve import requests
Begin MonoManager ReloadAssembly
- Loaded All Assemblies, in  1.120 seconds
Refreshing native plugins compatible for Editor in 6.09 ms, found 1 plugins.
Native extension for LinuxStandalone target not found
Native extension for iOS target not found
Native extension for Android target not found
Native extension for WebGL target not found
Package Manager log level set to [2]
[Package Manager] Server::EnsureServerProcessIsRunning -- launch failed, reason: Unity was launched with the -noUpm command-line argument
[Package Manager] UpmClient::Send -- Unable to send message (not connected to UPM process).
[Package Manager] Cannot connect to Unity Package Manager local server
Mono: successfully reloaded assembly
[Package Manager] Server::EnsureServerProcessIsRunning -- launch failed, reason: Unity was launched with the -noUpm command-line argument
[Package Manager] UpmClient::Send -- Unable to send message (not connected to UPM process).
[Package Manager] Cannot connect to Unity Package Manager local server
[Package Manager] Server::EnsureServerProcessIsRunning -- launch failed, reason: Unity was launched with the -noUpm command-line argument
[Package Manager] UpmClient::Send -- Unable to send message (not connected to UPM process).
[Package Manager] Cannot connect to Unity Package Manager local server
- Finished resetting the current domain, in  1.190 seconds
Domain Reload Profiling: 2303ms
	BeginReloadAssembly (207ms)
		ExecutionOrderSort (0ms)
		DisableScriptedObjects (9ms)
		BackupInstance (0ms)
		ReleaseScriptingObjects (0ms)
		CreateAndSetChildDomain (44ms)
	RebuildCommonClasses (55ms)
	RebuildNativeTypeToScriptingClass (12ms)
	initialDomainReloadingComplete (71ms)
	LoadAllAssembliesAndSetupDomain (767ms)
		LoadAssemblies (505ms)
		RebuildTransferFunctionScriptingTraits (0ms)
		AnalyzeDomain (361ms)
			TypeCache.Refresh (282ms)
				TypeCache.ScanAssembly (254ms)
			ScanForSourceGeneratedMonoScriptInfo (52ms)
			ResolveRequiredComponents (26ms)
	FinalizeReload (1191ms)
		ReleaseScriptCaches (0ms)
		RebuildScriptCaches (0ms)
		SetupLoadedEditorAssemblies (804ms)
			LogAssemblyErrors (0ms)
			InitializePlatformSupportModulesInManaged (52ms)
			SetLoadedEditorAssemblies (6ms)
			RefreshPlugins (0ms)
			BeforeProcessingInitializeOnLoad (131ms)
			ProcessInitializeOnLoadAttributes (460ms)
			ProcessInitializeOnLoadMethodAttributes (146ms)
			AfterProcessingInitializeOnLoad (9ms)
			EditorAssembliesLoaded (0ms)
		ExecutionOrderSort2 (0ms)
		AwakeInstancesAfterBackupRestoration (5ms)
Shader Hidden/ProbeVolume/VoxelizeScene is not supported: GPU does not support conservative rasterization
Launched and connected shader compiler UnityShaderCompiler after 0.07 seconds
Refreshing native plugins compatible for Editor in 3.95 ms, found 1 plugins.
Preloading 0 native plugins for Editor in 0.00 ms.
Unloading 6547 Unused Serialized files (Serialized files now loaded: 0)
Unloading 87 unused Assets / (1.6 MB). Loaded Objects now: 7015.
Memory consumption went from 243.4 MB to 241.8 MB.
Total: 15.335718 ms (FindLiveObjects: 0.662496 ms CreateObjectMapping: 0.809630 ms MarkObjects: 8.940309 ms  DeleteObjects: 4.921280 ms)

AssetImportParameters requested are different than current active one (requested -> active):
  custom:container-demuxer-ogg: 62fdf1f143b41e24485cea50d1cbac27 -> 
  custom:container-muxer-webm: aa71ff27fc2769a1b78a27578f13a17b -> 
  custom:video-decoder-webm-vp8: 9c59270c3fd7afecdb556c50c9e8de78 -> 
  custom:SearchIndexIgnoredProperties: e643bd26f0fe6173181afceb89e7c659 -> 
  custom:AudioImporter_EditorPlatform: 2f0ff77a95e0ac474e3e8eeba4e2f7cb -> 
  custom:audio-decoder-ogg-vorbis: bf7c407c2cedff20999df2af8eb42d56 -> 
  custom:audio-encoder-webm-vorbis: bf7c407c2cedff20999df2af8eb42d56 -> 
  custom:video-decoder-ogg-theora: a1e56fd34408186e4bbccfd4996cb3dc -> 
  custom:CustomObjectIndexerAttribute: f3847dcb39c2a616e8d79845aaae36f1 -> 
  custom:container-demuxer-webm: 4f35f7cbe854078d1ac9338744f61a02 -> 
  custom:video-encoder-webm-vp8: eb34c28f22e8b96e1ab97ce403110664 -> 
========================================================================
Received Import Request.
  Time since last request: 411.979488 seconds.
  path: Assets/Scenes/PLEASE.unity
  artifactKey: Guid(493790f543fa88645856fc4f0a2c9883) Importer(815301076,1909f56bfc062723c751e8b465ee728b)
Start importing Assets/Scenes/PLEASE.unity using Guid(493790f543fa88645856fc4f0a2c9883) Importer(815301076,1909f56bfc062723c751e8b465ee728b)  -> (artifact id: 'ff5b880a0fcef5b2a24383b1d50674ad') in 0.002782 seconds
Number of updated asset objects reloaded before import = 0
Number of asset objects unloaded after import = 0
========================================================================
Received Import Request.
  Time since last request: 2.231054 seconds.
  path: Assets/Scripts/Dialogue.cs
  artifactKey: Guid(ac36f5f5e9654ce4588f75805a1c9357) Importer(815301076,1909f56bfc062723c751e8b465ee728b)
Start importing Assets/Scripts/Dialogue.cs using Guid(ac36f5f5e9654ce4588f75805a1c9357) Importer(815301076,1909f56bfc062723c751e8b465ee728b)  -> (artifact id: '104696738d88e4d8ee74c0746bc16519') in 0.000491 seconds
Number of updated asset objects reloaded before import = 0
Number of asset objects unloaded after import = 0
========================================================================
Received Prepare
Begin MonoManager ReloadAssembly
- Loaded All Assemblies, in  3.215 seconds
Refreshing native plugins compatible for Editor in 5.28 ms, found 1 plugins.
Native extension for LinuxStandalone target not found
Native extension for iOS target not found
Native extension for Android target not found
Native extension for WebGL target not found
[Package Manager] Server::EnsureServerProcessIsRunning -- launch failed, reason: Unity was launched with the -noUpm command-line argument
[Package Manager] UpmClient::Send -- Unable to send message (not connected to UPM process).
[Package Manager] Cannot connect to Unity Package Manager local server
Mono: successfully reloaded assembly
[Package Manager] Server::EnsureServerProcessIsRunning -- launch failed, reason: Unity was launched with the -noUpm command-line argument
[Package Manager] UpmClient::Send -- Unable to send message (not connected to UPM process).
[Package Manager] Cannot connect to Unity Package Manager local server
- Finished resetting the current domain, in  3.195 seconds
Domain Reload Profiling: 6405ms
	BeginReloadAssembly (956ms)
		ExecutionOrderSort (0ms)
		DisableScriptedObjects (26ms)
		BackupInstance (0ms)
		ReleaseScriptingObjects (0ms)
		CreateAndSetChildDomain (314ms)
	RebuildCommonClasses (80ms)
	RebuildNativeTypeToScriptingClass (22ms)
	initialDomainReloadingComplete (173ms)
	LoadAllAssembliesAndSetupDomain (1977ms)
		LoadAssemblies (2280ms)
		RebuildTransferFunctionScriptingTraits (0ms)
		AnalyzeDomain (147ms)
			TypeCache.Refresh (35ms)
				TypeCache.ScanAssembly (4ms)
			ScanForSourceGeneratedMonoScriptInfo (79ms)
			ResolveRequiredComponents (32ms)
	FinalizeReload (3197ms)
		ReleaseScriptCaches (0ms)
		RebuildScriptCaches (0ms)
		SetupLoadedEditorAssemblies (1125ms)
			LogAssemblyErrors (0ms)
			InitializePlatformSupportModulesInManaged (87ms)
			SetLoadedEditorAssemblies (14ms)
			RefreshPlugins (0ms)
			BeforeProcessingInitializeOnLoad (230ms)
			ProcessInitializeOnLoadAttributes (592ms)
			ProcessInitializeOnLoadMethodAttributes (191ms)
			AfterProcessingInitializeOnLoad (9ms)
			EditorAssembliesLoaded (2ms)
		ExecutionOrderSort2 (0ms)
		AwakeInstancesAfterBackupRestoration (31ms)
Shader Hidden/ProbeVolume/VoxelizeScene is not supported: GPU does not support conservative rasterization
Refreshing native plugins compatible for Editor in 5.62 ms, found 1 plugins.
Preloading 0 native plugins for Editor in 0.00 ms.
Unloading 6362 Unused Serialized files (Serialized files now loaded: 0)
Unloading 49 unused Assets / (1.6 MB). Loaded Objects now: 7020.
Memory consumption went from 212.8 MB to 211.2 MB.
Total: 15.364758 ms (FindLiveObjects: 0.840649 ms CreateObjectMapping: 0.736847 ms MarkObjects: 11.395226 ms  DeleteObjects: 2.388574 ms)

Prepare: number of updated asset objects reloaded= 0
AssetImportParameters requested are different than current active one (requested -> active):
  custom:container-demuxer-ogg: 62fdf1f143b41e24485cea50d1cbac27 -> 
  custom:container-muxer-webm: aa71ff27fc2769a1b78a27578f13a17b -> 
  custom:video-decoder-webm-vp8: 9c59270c3fd7afecdb556c50c9e8de78 -> 
  custom:SearchIndexIgnoredProperties: e643bd26f0fe6173181afceb89e7c659 -> 
  custom:AudioImporter_EditorPlatform: 2f0ff77a95e0ac474e3e8eeba4e2f7cb -> 
  custom:audio-decoder-ogg-vorbis: bf7c407c2cedff20999df2af8eb42d56 -> 
  custom:audio-encoder-webm-vorbis: bf7c407c2cedff20999df2af8eb42d56 -> 
  custom:video-decoder-ogg-theora: a1e56fd34408186e4bbccfd4996cb3dc -> 
  custom:CustomObjectIndexerAttribute: f3847dcb39c2a616e8d79845aaae36f1 -> 
  custom:container-demuxer-webm: 4f35f7cbe854078d1ac9338744f61a02 -> 
  custom:video-encoder-webm-vp8: eb34c28f22e8b96e1ab97ce403110664 -> 
========================================================================
Received Prepare
Begin MonoManager ReloadAssembly
- Loaded All Assemblies, in  0.625 seconds
Refreshing native plugins compatible for Editor in 3.61 ms, found 1 plugins.
Native extension for LinuxStandalone target not found
Native extension for iOS target not found
Native extension for Android target not found
Native extension for WebGL target not found
[Package Manager] Server::EnsureServerProcessIsRunning -- launch failed, reason: Unity was launched with the -noUpm command-line argument
[Package Manager] UpmClient::Send -- Unable to send message (not connected to UPM process).
[Package Manager] Cannot connect to Unity Package Manager local server
Mono: successfully reloaded assembly
[Package Manager] Server::EnsureServerProcessIsRunning -- launch failed, reason: Unity was launched with the -noUpm command-line argument
[Package Manager] UpmClient::Send -- Unable to send message (not connected to UPM process).
[Package Manager] Cannot connect to Unity Package Manager local server
- Finished resetting the current domain, in  2.967 seconds
Domain Reload Profiling: 3586ms
	BeginReloadAssembly (207ms)
		ExecutionOrderSort (0ms)
		DisableScriptedObjects (6ms)
		BackupInstance (0ms)
		ReleaseScriptingObjects (0ms)
		CreateAndSetChildDomain (55ms)
	RebuildCommonClasses (56ms)
	RebuildNativeTypeToScriptingClass (14ms)
	initialDomainReloadingComplete (43ms)
	LoadAllAssembliesAndSetupDomain (298ms)
		LoadAssemblies (346ms)
		RebuildTransferFunctionScriptingTraits (0ms)
		AnalyzeDomain (41ms)
			TypeCache.Refresh (10ms)
				TypeCache.ScanAssembly (0ms)
			ScanForSourceGeneratedMonoScriptInfo (0ms)
			ResolveRequiredComponents (30ms)
	FinalizeReload (2968ms)
		ReleaseScriptCaches (0ms)
		RebuildScriptCaches (0ms)
		SetupLoadedEditorAssemblies (907ms)
			LogAssemblyErrors (0ms)
			InitializePlatformSupportModulesInManaged (79ms)
			SetLoadedEditorAssemblies (10ms)
			RefreshPlugins (0ms)
			BeforeProcessingInitializeOnLoad (181ms)
			ProcessInitializeOnLoadAttributes (476ms)
			ProcessInitializeOnLoadMethodAttributes (153ms)
			AfterProcessingInitializeOnLoad (9ms)
			EditorAssembliesLoaded (1ms)
		ExecutionOrderSort2 (0ms)
		AwakeInstancesAfterBackupRestoration (23ms)
Shader Hidden/ProbeVolume/VoxelizeScene is not supported: GPU does not support conservative rasterization
Refreshing native plugins compatible for Editor in 9.56 ms, found 1 plugins.
Preloading 0 native plugins for Editor in 0.00 ms.
Unloading 6362 Unused Serialized files (Serialized files now loaded: 0)
Unloading 49 unused Assets / (1.6 MB). Loaded Objects now: 7025.
Memory consumption went from 214.8 MB to 213.2 MB.
Total: 8.749593 ms (FindLiveObjects: 0.821711 ms CreateObjectMapping: 0.885601 ms MarkObjects: 5.465834 ms  DeleteObjects: 1.574178 ms)

Prepare: number of updated asset objects reloaded= 0
AssetImportParameters requested are different than current active one (requested -> active):
  custom:container-demuxer-ogg: 62fdf1f143b41e24485cea50d1cbac27 -> 
  custom:container-muxer-webm: aa71ff27fc2769a1b78a27578f13a17b -> 
  custom:video-decoder-webm-vp8: 9c59270c3fd7afecdb556c50c9e8de78 -> 
  custom:SearchIndexIgnoredProperties: e643bd26f0fe6173181afceb89e7c659 -> 
  custom:AudioImporter_EditorPlatform: 2f0ff77a95e0ac474e3e8eeba4e2f7cb -> 
  custom:audio-decoder-ogg-vorbis: bf7c407c2cedff20999df2af8eb42d56 -> 
  custom:audio-encoder-webm-vorbis: bf7c407c2cedff20999df2af8eb42d56 -> 
  custom:video-decoder-ogg-theora: a1e56fd34408186e4bbccfd4996cb3dc -> 
  custom:CustomObjectIndexerAttribute: f3847dcb39c2a616e8d79845aaae36f1 -> 
  custom:container-demuxer-webm: 4f35f7cbe854078d1ac9338744f61a02 -> 
  custom:video-encoder-webm-vp8: eb34c28f22e8b96e1ab97ce403110664 -> 
========================================================================
Received Import Request.
  Time since last request: 1742.545249 seconds.
  path: Assets/LeanTween/Examples/Material/Futoro_PersonSprites.png
  artifactKey: Guid(1201c14bb4ee74d8e99e56dc4f3f4fd1) Importer(815301076,1909f56bfc062723c751e8b465ee728b)
Start importing Assets/LeanTween/Examples/Material/Futoro_PersonSprites.png using Guid(1201c14bb4ee74d8e99e56dc4f3f4fd1) Importer(815301076,1909f56bfc062723c751e8b465ee728b)  -> (artifact id: 'beb30e37d84478369fe2b9e9a8f243b3') in 0.333671 seconds
Number of updated asset objects reloaded before import = 0
Number of asset objects unloaded after import = 6
========================================================================
Received Import Request.
  Time since last request: 0.696607 seconds.
  path: Assets/LeanTween/Examples/Material/Futoro_Ring.psd
  artifactKey: Guid(ef31bc3f46d6047b29ff513e55daf05b) Importer(815301076,1909f56bfc062723c751e8b465ee728b)
Start importing Assets/LeanTween/Examples/Material/Futoro_Ring.psd using Guid(ef31bc3f46d6047b29ff513e55daf05b) Importer(815301076,1909f56bfc062723c751e8b465ee728b)  -> (artifact id: 'b5517631ac50ad5767c6961f3c28cfc6') in 0.018360 seconds
Number of updated asset objects reloaded before import = 0
Number of asset objects unloaded after import = 3
========================================================================
Received Import Request.
  Time since last request: 0.433769 seconds.
  path: Assets/LeanTween/Examples/Material/Futuro_Bar.psd
  artifactKey: Guid(492b9988436bd45049a9a6bc52ac8fb0) Importer(815301076,1909f56bfc062723c751e8b465ee728b)
Start importing Assets/LeanTween/Examples/Material/Futuro_Bar.psd using Guid(492b9988436bd45049a9a6bc52ac8fb0) Importer(815301076,1909f56bfc062723c751e8b465ee728b)  -> (artifact id: 'd1ca3c1bd5c4d54feae8b9194ed6b9e9') in 0.019875 seconds
Number of updated asset objects reloaded before import = 0
Number of asset objects unloaded after import = 3
========================================================================
Received Import Request.
  Time since last request: 0.158194 seconds.
  path: Assets/LeanTween/Examples/Material/Futuro_SineWave.psd
  artifactKey: Guid(d835741a3c4a14a0aa5f7536c46456c4) Importer(815301076,1909f56bfc062723c751e8b465ee728b)
Start importing Assets/LeanTween/Examples/Material/Futuro_SineWave.psd using Guid(d835741a3c4a14a0aa5f7536c46456c4) Importer(815301076,1909f56bfc062723c751e8b465ee728b)  -> (artifact id: '6372b811b29a2c45f6c4f61343466f0b') in 0.021147 seconds
Number of updated asset objects reloaded before import = 0
Number of asset objects unloaded after import = 3
========================================================================
Received Import Request.
  Time since last request: 4.806850 seconds.
  path: Assets/MobileARTemplateAssets/UI/Sprites/Icon-Cube.png
  artifactKey: Guid(f9e6d8a7f941049e3a17d025c44a07e5) Importer(815301076,1909f56bfc062723c751e8b465ee728b)
Start importing Assets/MobileARTemplateAssets/UI/Sprites/Icon-Cube.png using Guid(f9e6d8a7f941049e3a17d025c44a07e5) Importer(815301076,1909f56bfc062723c751e8b465ee728b)  -> (artifact id: 'c9eaa6f6e9eb3c98a219498d3a08ae31') in 0.012820 seconds
Number of updated asset objects reloaded before import = 0
Number of asset objects unloaded after import = 3
========================================================================
Received Import Request.
  Time since last request: 0.056527 seconds.
  path: Assets/MobileARTemplateAssets/UI/Sprites/Icon-Cube_Lift.png
  artifactKey: Guid(d156fc03d649f4bc99679bac977609a3) Importer(815301076,1909f56bfc062723c751e8b465ee728b)
Start importing Assets/MobileARTemplateAssets/UI/Sprites/Icon-Cube_Lift.png using Guid(d156fc03d649f4bc99679bac977609a3) Importer(815301076,1909f56bfc062723c751e8b465ee728b)  -> (artifact id: '509f4f7ad087b74d5d8048bd6f60fe18') in 0.031427 seconds
Number of updated asset objects reloaded before import = 0
Number of asset objects unloaded after import = 3
========================================================================
Received Import Request.
  Time since last request: 0.378473 seconds.
  path: Assets/MobileARTemplateAssets/UI/Sprites/Icon-Cube_Mask.png
  artifactKey: Guid(c5569763ab98341e98527947a9a50f49) Importer(815301076,1909f56bfc062723c751e8b465ee728b)
Start importing Assets/MobileARTemplateAssets/UI/Sprites/Icon-Cube_Mask.png using Guid(c5569763ab98341e98527947a9a50f49) Importer(815301076,1909f56bfc062723c751e8b465ee728b)  -> (artifact id: '96dca78e3cec383fa311926f1d600ec3') in 0.016129 seconds
Number of updated asset objects reloaded before import = 0
Number of asset objects unloaded after import = 3
========================================================================
Received Import Request.
  Time since last request: 0.000025 seconds.
  path: Assets/MobileARTemplateAssets/UI/Sprites/Icon-DeleteStroke.png
  artifactKey: Guid(8d991699eeb4f403c9eda28f96d7c6f6) Importer(815301076,1909f56bfc062723c751e8b465ee728b)
Start importing Assets/MobileARTemplateAssets/UI/Sprites/Icon-DeleteStroke.png using Guid(8d991699eeb4f403c9eda28f96d7c6f6) Importer(815301076,1909f56bfc062723c751e8b465ee728b)  -> (artifact id: '2c9d9abb309ca8d1354a927c51b44f24') in 0.027765 seconds
Number of updated asset objects reloaded before import = 0
Number of asset objects unloaded after import = 3
========================================================================
Received Import Request.
  Time since last request: 0.007249 seconds.
  path: Assets/MobileARTemplateAssets/UI/Sprites/Icon-Editor.png
  artifactKey: Guid(ec8113952fe494e6f9868f08524e4e90) Importer(815301076,1909f56bfc062723c751e8b465ee728b)
Start importing Assets/MobileARTemplateAssets/UI/Sprites/Icon-Editor.png using Guid(ec8113952fe494e6f9868f08524e4e90) Importer(815301076,1909f56bfc062723c751e8b465ee728b)  -> (artifact id: 'f689ce82fe909213297fc60f47667910') in 0.020851 seconds
Number of updated asset objects reloaded before import = 0
Number of asset objects unloaded after import = 3
========================================================================
Received Import Request.
  Time since last request: 0.548667 seconds.
  path: Assets/MobileARTemplateAssets/UI/Sprites/Icon-Gesture_PinchOpen.png
  artifactKey: Guid(ea3ca2f27abcc4058832d7106dab9223) Importer(815301076,1909f56bfc062723c751e8b465ee728b)
Start importing Assets/MobileARTemplateAssets/UI/Sprites/Icon-Gesture_PinchOpen.png using Guid(ea3ca2f27abcc4058832d7106dab9223) Importer(815301076,1909f56bfc062723c751e8b465ee728b)  -> (artifact id: '75a8c8113bd3128e97ccb782ab6df1e4') in 0.013721 seconds
Number of updated asset objects reloaded before import = 0
Number of asset objects unloaded after import = 3
========================================================================
Received Import Request.
  Time since last request: 0.003958 seconds.
  path: Assets/MobileARTemplateAssets/UI/Sprites/Icon-Gesture_TouchHold.png
  artifactKey: Guid(a61ed193c40b9419a9b1e338fcd54b7d) Importer(815301076,1909f56bfc062723c751e8b465ee728b)
Start importing Assets/MobileARTemplateAssets/UI/Sprites/Icon-Gesture_TouchHold.png using Guid(a61ed193c40b9419a9b1e338fcd54b7d) Importer(815301076,1909f56bfc062723c751e8b465ee728b)  -> (artifact id: 'c72420128210e5124c20dcfc78fe2052') in 0.023372 seconds
Number of updated asset objects reloaded before import = 0
Number of asset objects unloaded after import = 3
========================================================================
Received Import Request.
  Time since last request: 0.011159 seconds.
  path: Assets/MobileARTemplateAssets/UI/Sprites/Icon-Hints.png
  artifactKey: Guid(9acf48fe73f174b7d8b31772eb10e075) Importer(815301076,1909f56bfc062723c751e8b465ee728b)
Start importing Assets/MobileARTemplateAssets/UI/Sprites/Icon-Hints.png using Guid(9acf48fe73f174b7d8b31772eb10e075) Importer(815301076,1909f56bfc062723c751e8b465ee728b)  -> (artifact id: 'e23a1924a50102ffc7a0682a2c9f8d20') in 0.025398 seconds
Number of updated asset objects reloaded before import = 0
Number of asset objects unloaded after import = 3
========================================================================
Received Import Request.
  Time since last request: 0.008310 seconds.
  path: Assets/MobileARTemplateAssets/UI/Sprites/Icon-MobileDevice.png
  artifactKey: Guid(77b98ffe803d34babb583459ea03da9d) Importer(815301076,1909f56bfc062723c751e8b465ee728b)
Start importing Assets/MobileARTemplateAssets/UI/Sprites/Icon-MobileDevice.png using Guid(77b98ffe803d34babb583459ea03da9d) Importer(815301076,1909f56bfc062723c751e8b465ee728b)  -> (artifact id: '877b2891d71733914be86af5d10da65f') in 0.020123 seconds
Number of updated asset objects reloaded before import = 0
Number of asset objects unloaded after import = 3
========================================================================
Received Import Request.
  Time since last request: 0.097090 seconds.
  path: Assets/MobileARTemplateAssets/UI/Sprites/Icon-Options.png
  artifactKey: Guid(488046489eefe4d10b386a257204a3e0) Importer(815301076,1909f56bfc062723c751e8b465ee728b)
Start importing Assets/MobileARTemplateAssets/UI/Sprites/Icon-Options.png using Guid(488046489eefe4d10b386a257204a3e0) Importer(815301076,1909f56bfc062723c751e8b465ee728b)  -> (artifact id: '96e8eea0f209cdedaa52f5fb3f89a2fc') in 0.014028 seconds
Number of updated asset objects reloaded before import = 0
Number of asset objects unloaded after import = 3
========================================================================
Received Import Request.
  Time since last request: 0.331781 seconds.
  path: Assets/MobileARTemplateAssets/UI/Sprites/Icon-ScaleAxisGizmo.png
  artifactKey: Guid(bd0fe3abc36404b2dbebd9ae74eb79c7) Importer(815301076,1909f56bfc062723c751e8b465ee728b)
Start importing Assets/MobileARTemplateAssets/UI/Sprites/Icon-ScaleAxisGizmo.png using Guid(bd0fe3abc36404b2dbebd9ae74eb79c7) Importer(815301076,1909f56bfc062723c751e8b465ee728b)  -> (artifact id: 'e5c4e45fd2d5943901fbbeec97d7206c') in 0.012783 seconds
Number of updated asset objects reloaded before import = 0
Number of asset objects unloaded after import = 3
========================================================================
Received Import Request.
  Time since last request: 0.817523 seconds.
  path: Assets/MobileARTemplateAssets/UI/Sprites/Icon-SurfaceVisual.png
  artifactKey: Guid(3a4b02f0d013240a6bf58a4ffc88d105) Importer(815301076,1909f56bfc062723c751e8b465ee728b)
Start importing Assets/MobileARTemplateAssets/UI/Sprites/Icon-SurfaceVisual.png using Guid(3a4b02f0d013240a6bf58a4ffc88d105) Importer(815301076,1909f56bfc062723c751e8b465ee728b)  -> (artifact id: '9e6505861941b32133b0b1772fe6b6a9') in 0.016310 seconds
Number of updated asset objects reloaded before import = 0
Number of asset objects unloaded after import = 3
========================================================================
Received Import Request.
  Time since last request: 15.013174 seconds.
  path: Assets/MobileARTemplateAssets/UI/Sprites/MixedCorners.png
  artifactKey: Guid(811ff44a671c34f55ab743fc4f8c3319) Importer(815301076,1909f56bfc062723c751e8b465ee728b)
Start importing Assets/MobileARTemplateAssets/UI/Sprites/MixedCorners.png using Guid(811ff44a671c34f55ab743fc4f8c3319) Importer(815301076,1909f56bfc062723c751e8b465ee728b)  -> (artifact id: '59dff3f5e1f2ab1559bb3e8bc5405726') in 0.012116 seconds
Number of updated asset objects reloaded before import = 0
Number of asset objects unloaded after import = 3
========================================================================
Received Import Request.
  Time since last request: 1.154673 seconds.
  path: Assets/LeanTween/Examples/Textures/PowerUpStar.png
  artifactKey: Guid(70141d51621e24facbca9196bbde84b4) Importer(815301076,1909f56bfc062723c751e8b465ee728b)
Start importing Assets/LeanTween/Examples/Textures/PowerUpStar.png using Guid(70141d51621e24facbca9196bbde84b4) Importer(815301076,1909f56bfc062723c751e8b465ee728b)  -> (artifact id: '04699489caa13b612b65e1f5c822dc90') in 0.017599 seconds
Number of updated asset objects reloaded before import = 0
Number of asset objects unloaded after import = 3
========================================================================
Received Import Request.
  Time since last request: 0.085284 seconds.
  path: Assets/MobileARTemplateAssets/UI/Sprites/RoundRadius_10_Bottom.png
  artifactKey: Guid(a818095c8b1764314a4e258bb61fcd45) Importer(815301076,1909f56bfc062723c751e8b465ee728b)
Start importing Assets/MobileARTemplateAssets/UI/Sprites/RoundRadius_10_Bottom.png using Guid(a818095c8b1764314a4e258bb61fcd45) Importer(815301076,1909f56bfc062723c751e8b465ee728b)  -> (artifact id: '5c0c750e3ac11c97e0f6414310495e1a') in 0.013930 seconds
Number of updated asset objects reloaded before import = 0
Number of asset objects unloaded after import = 3
========================================================================
Received Import Request.
  Time since last request: 404.635905 seconds.
  path: Assets/Prefab/Evenement/Coworking Event.prefab
  artifactKey: Guid(61f41a1c41759d3739226dd33d60ec73) Importer(815301076,1909f56bfc062723c751e8b465ee728b)
Start importing Assets/Prefab/Evenement/Coworking Event.prefab using Guid(61f41a1c41759d3739226dd33d60ec73) Importer(815301076,1909f56bfc062723c751e8b465ee728b)  -> (artifact id: '0afd816b5e4f4a3e5cf8acaa78f30c2b') in 0.919144 seconds
Number of updated asset objects reloaded before import = 0
Number of asset objects unloaded after import = 2785
========================================================================
Received Import Request.
  Time since last request: 19.872303 seconds.
  path: Assets/Prefab/Evenement/Evenement BatD.prefab
  artifactKey: Guid(b3690f12b3a329f16a3ca8f110ec5985) Importer(815301076,1909f56bfc062723c751e8b465ee728b)
Start importing Assets/Prefab/Evenement/Evenement BatD.prefab using Guid(b3690f12b3a329f16a3ca8f110ec5985) Importer(815301076,1909f56bfc062723c751e8b465ee728b)  -> (artifact id: '93071d7b9833707feff36ddc55cfa560') in 0.367875 seconds
Number of updated asset objects reloaded before import = 0
Number of asset objects unloaded after import = 3190
========================================================================
Received Import Request.
  Time since last request: 14.227447 seconds.
  path: Assets/Prefab/Evenement/Evenement BatD.prefab
  artifactKey: Guid(b3690f12b3a329f16a3ca8f110ec5985) Importer(815301076,1909f56bfc062723c751e8b465ee728b)
Start importing Assets/Prefab/Evenement/Evenement BatD.prefab using Guid(b3690f12b3a329f16a3ca8f110ec5985) Importer(815301076,1909f56bfc062723c751e8b465ee728b)  -> (artifact id: 'f599f92e89d6462b0fc0c989c4e2217e') in 0.314468 seconds
Number of updated asset objects reloaded before import = 0
Number of asset objects unloaded after import = 3190
========================================================================
Received Prepare
Begin MonoManager ReloadAssembly
- Loaded All Assemblies, in  2.016 seconds
Refreshing native plugins compatible for Editor in 7.57 ms, found 1 plugins.
Native extension for LinuxStandalone target not found
Native extension for iOS target not found
Native extension for Android target not found
Native extension for WebGL target not found
[Package Manager] Server::EnsureServerProcessIsRunning -- launch failed, reason: Unity was launched with the -noUpm command-line argument
[Package Manager] UpmClient::Send -- Unable to send message (not connected to UPM process).
[Package Manager] Cannot connect to Unity Package Manager local server
Mono: successfully reloaded assembly
[Package Manager] Server::EnsureServerProcessIsRunning -- launch failed, reason: Unity was launched with the -noUpm command-line argument
[Package Manager] UpmClient::Send -- Unable to send message (not connected to UPM process).
[Package Manager] Cannot connect to Unity Package Manager local server
- Finished resetting the current domain, in  3.889 seconds
Domain Reload Profiling: 5898ms
	BeginReloadAssembly (745ms)
		ExecutionOrderSort (0ms)
		DisableScriptedObjects (23ms)
		BackupInstance (0ms)
		ReleaseScriptingObjects (0ms)
		CreateAndSetChildDomain (146ms)
	RebuildCommonClasses (84ms)
	RebuildNativeTypeToScriptingClass (14ms)
	initialDomainReloadingComplete (61ms)
	LoadAllAssembliesAndSetupDomain (1104ms)
		LoadAssemblies (1396ms)
		RebuildTransferFunctionScriptingTraits (0ms)
		AnalyzeDomain (204ms)
			TypeCache.Refresh (51ms)
				TypeCache.ScanAssembly (7ms)
			ScanForSourceGeneratedMonoScriptInfo (119ms)
			ResolveRequiredComponents (34ms)
	FinalizeReload (3890ms)
		ReleaseScriptCaches (0ms)
		RebuildScriptCaches (0ms)
		SetupLoadedEditorAssemblies (937ms)
			LogAssemblyErrors (0ms)
			InitializePlatformSupportModulesInManaged (72ms)
			SetLoadedEditorAssemblies (13ms)
			RefreshPlugins (0ms)
			BeforeProcessingInitializeOnLoad (224ms)
			ProcessInitializeOnLoadAttributes (454ms)
			ProcessInitializeOnLoadMethodAttributes (164ms)
			AfterProcessingInitializeOnLoad (9ms)
			EditorAssembliesLoaded (1ms)
		ExecutionOrderSort2 (0ms)
		AwakeInstancesAfterBackupRestoration (30ms)
Shader Hidden/ProbeVolume/VoxelizeScene is not supported: GPU does not support conservative rasterization
Refreshing native plugins compatible for Editor in 6.72 ms, found 1 plugins.
Preloading 0 native plugins for Editor in 0.00 ms.
Unloading 6362 Unused Serialized files (Serialized files now loaded: 0)
Unloading 49 unused Assets / (1.6 MB). Loaded Objects now: 7084.
Memory consumption went from 218.2 MB to 216.6 MB.
Total: 20.222237 ms (FindLiveObjects: 1.042529 ms CreateObjectMapping: 1.092293 ms MarkObjects: 14.580080 ms  DeleteObjects: 3.504169 ms)

Prepare: number of updated asset objects reloaded= 0
AssetImportParameters requested are different than current active one (requested -> active):
  custom:container-demuxer-ogg: 62fdf1f143b41e24485cea50d1cbac27 -> 
  custom:container-muxer-webm: aa71ff27fc2769a1b78a27578f13a17b -> 
  custom:video-decoder-webm-vp8: 9c59270c3fd7afecdb556c50c9e8de78 -> 
  custom:SearchIndexIgnoredProperties: e643bd26f0fe6173181afceb89e7c659 -> 
  custom:AudioImporter_EditorPlatform: 2f0ff77a95e0ac474e3e8eeba4e2f7cb -> 
  custom:audio-decoder-ogg-vorbis: bf7c407c2cedff20999df2af8eb42d56 -> 
  custom:audio-encoder-webm-vorbis: bf7c407c2cedff20999df2af8eb42d56 -> 
  custom:video-decoder-ogg-theora: a1e56fd34408186e4bbccfd4996cb3dc -> 
  custom:CustomObjectIndexerAttribute: f3847dcb39c2a616e8d79845aaae36f1 -> 
  custom:container-demuxer-webm: 4f35f7cbe854078d1ac9338744f61a02 -> 
  custom:video-encoder-webm-vp8: eb34c28f22e8b96e1ab97ce403110664 -> 
========================================================================
Received Import Request.
  Time since last request: 295.818578 seconds.
  path: Assets/Prefab/Evenement/Evenement BatD.prefab
  artifactKey: Guid(b3690f12b3a329f16a3ca8f110ec5985) Importer(815301076,1909f56bfc062723c751e8b465ee728b)
Start importing Assets/Prefab/Evenement/Evenement BatD.prefab using Guid(b3690f12b3a329f16a3ca8f110ec5985) Importer(815301076,1909f56bfc062723c751e8b465ee728b)  -> (artifact id: '344a307260fe8e4aa91e58948516776c') in 1.037882 seconds
Number of updated asset objects reloaded before import = 0
Number of asset objects unloaded after import = 3208
========================================================================
Received Import Request.
  Time since last request: 12.386861 seconds.
  path: Assets/Prefab/Evenement/Evenement BatD.prefab
  artifactKey: Guid(b3690f12b3a329f16a3ca8f110ec5985) Importer(815301076,1909f56bfc062723c751e8b465ee728b)
Start importing Assets/Prefab/Evenement/Evenement BatD.prefab using Guid(b3690f12b3a329f16a3ca8f110ec5985) Importer(815301076,1909f56bfc062723c751e8b465ee728b)  -> (artifact id: '0d2a054033a0c85472bc9fd33f44c636') in 0.321110 seconds
Number of updated asset objects reloaded before import = 0
Number of asset objects unloaded after import = 3190
========================================================================
Received Import Request.
  Time since last request: 298.909094 seconds.
  path: Assets/Prefab/Evenement/Evenement BatD.prefab
  artifactKey: Guid(b3690f12b3a329f16a3ca8f110ec5985) Importer(815301076,1909f56bfc062723c751e8b465ee728b)
Start importing Assets/Prefab/Evenement/Evenement BatD.prefab using Guid(b3690f12b3a329f16a3ca8f110ec5985) Importer(815301076,1909f56bfc062723c751e8b465ee728b)  -> (artifact id: 'd655a5d8f1901bf1145f5443b757311a') in 0.333644 seconds
Number of updated asset objects reloaded before import = 0
Number of asset objects unloaded after import = 3190
========================================================================
Received Import Request.
  Time since last request: 0.136483 seconds.
  path: Assets/Prefab/Evenement/Evenement BatD.prefab
  artifactKey: Guid(b3690f12b3a329f16a3ca8f110ec5985) Importer(815301076,1909f56bfc062723c751e8b465ee728b)
Start importing Assets/Prefab/Evenement/Evenement BatD.prefab using Guid(b3690f12b3a329f16a3ca8f110ec5985) Importer(815301076,1909f56bfc062723c751e8b465ee728b)  -> (artifact id: '7f2fa845fe658c737dbd278e2c7d4d96') in 0.321316 seconds
Number of updated asset objects reloaded before import = 0
Number of asset objects unloaded after import = 3190
========================================================================
Received Import Request.
  Time since last request: 0.408279 seconds.
  path: Assets/Prefab/Evenement/Evenement BatD.prefab
  artifactKey: Guid(b3690f12b3a329f16a3ca8f110ec5985) Importer(815301076,1909f56bfc062723c751e8b465ee728b)
Start importing Assets/Prefab/Evenement/Evenement BatD.prefab using Guid(b3690f12b3a329f16a3ca8f110ec5985) Importer(815301076,1909f56bfc062723c751e8b465ee728b)  -> (artifact id: '2708f75dce496e76639c79a5354a0d61') in 0.327858 seconds
Number of updated asset objects reloaded before import = 0
Number of asset objects unloaded after import = 3190
========================================================================
Received Import Request.
  Time since last request: 0.217895 seconds.
  path: Assets/Prefab/Evenement/Evenement BatD.prefab
  artifactKey: Guid(b3690f12b3a329f16a3ca8f110ec5985) Importer(815301076,1909f56bfc062723c751e8b465ee728b)
Start importing Assets/Prefab/Evenement/Evenement BatD.prefab using Guid(b3690f12b3a329f16a3ca8f110ec5985) Importer(815301076,1909f56bfc062723c751e8b465ee728b)  -> (artifact id: 'a0b98c04e8ba5a725d63366d2c6b5e95') in 0.354276 seconds
Number of updated asset objects reloaded before import = 0
Number of asset objects unloaded after import = 3190
========================================================================
Received Import Request.
  Time since last request: 0.149301 seconds.
  path: Assets/Prefab/Evenement/Evenement BatD.prefab
  artifactKey: Guid(b3690f12b3a329f16a3ca8f110ec5985) Importer(815301076,1909f56bfc062723c751e8b465ee728b)
Start importing Assets/Prefab/Evenement/Evenement BatD.prefab using Guid(b3690f12b3a329f16a3ca8f110ec5985) Importer(815301076,1909f56bfc062723c751e8b465ee728b)  -> (artifact id: 'a6408c7d39965ade7cd8789774619361') in 0.378645 seconds
Number of updated asset objects reloaded before import = 0
Number of asset objects unloaded after import = 3190
========================================================================
Received Import Request.
  Time since last request: 0.095397 seconds.
  path: Assets/Prefab/Evenement/Evenement BatD.prefab
  artifactKey: Guid(b3690f12b3a329f16a3ca8f110ec5985) Importer(815301076,1909f56bfc062723c751e8b465ee728b)
Start importing Assets/Prefab/Evenement/Evenement BatD.prefab using Guid(b3690f12b3a329f16a3ca8f110ec5985) Importer(815301076,1909f56bfc062723c751e8b465ee728b)  -> (artifact id: '478f7f61018f3986ac303c310ab2f7e0') in 0.305319 seconds
Number of updated asset objects reloaded before import = 0
Number of asset objects unloaded after import = 3190
========================================================================
Received Import Request.
  Time since last request: 1.481723 seconds.
  path: Assets/Prefab/Evenement/Evenement BatD.prefab
  artifactKey: Guid(b3690f12b3a329f16a3ca8f110ec5985) Importer(815301076,1909f56bfc062723c751e8b465ee728b)
Start importing Assets/Prefab/Evenement/Evenement BatD.prefab using Guid(b3690f12b3a329f16a3ca8f110ec5985) Importer(815301076,1909f56bfc062723c751e8b465ee728b)  -> (artifact id: 'ef5a541fbb95f813594015e6bf288ff0') in 0.362842 seconds
Number of updated asset objects reloaded before import = 0
Number of asset objects unloaded after import = 3190
========================================================================
Received Import Request.
  Time since last request: 0.052263 seconds.
  path: Assets/Prefab/Evenement/Evenement BatD.prefab
  artifactKey: Guid(b3690f12b3a329f16a3ca8f110ec5985) Importer(815301076,1909f56bfc062723c751e8b465ee728b)
Start importing Assets/Prefab/Evenement/Evenement BatD.prefab using Guid(b3690f12b3a329f16a3ca8f110ec5985) Importer(815301076,1909f56bfc062723c751e8b465ee728b)  -> (artifact id: 'e2d5a18c04a38894050fdb08edca9438') in 0.329374 seconds
Number of updated asset objects reloaded before import = 0
Number of asset objects unloaded after import = 3190
========================================================================
Received Import Request.
  Time since last request: 1.740551 seconds.
  path: Assets/Prefab/Evenement/Evenement BatD.prefab
  artifactKey: Guid(b3690f12b3a329f16a3ca8f110ec5985) Importer(815301076,1909f56bfc062723c751e8b465ee728b)
Start importing Assets/Prefab/Evenement/Evenement BatD.prefab using Guid(b3690f12b3a329f16a3ca8f110ec5985) Importer(815301076,1909f56bfc062723c751e8b465ee728b)  -> (artifact id: 'f7dfb50b6374aa758e6c9cfc2edf4071') in 0.306373 seconds
Number of updated asset objects reloaded before import = 0
Number of asset objects unloaded after import = 3190
========================================================================
Received Import Request.
  Time since last request: 1.361927 seconds.
  path: Assets/Prefab/Evenement/Evenement BatD.prefab
  artifactKey: Guid(b3690f12b3a329f16a3ca8f110ec5985) Importer(815301076,1909f56bfc062723c751e8b465ee728b)
Start importing Assets/Prefab/Evenement/Evenement BatD.prefab using Guid(b3690f12b3a329f16a3ca8f110ec5985) Importer(815301076,1909f56bfc062723c751e8b465ee728b)  -> (artifact id: '0cac2cf2b3590b0e4af5ee0cd677f33e') in 0.313260 seconds
Number of updated asset objects reloaded before import = 0
Number of asset objects unloaded after import = 3190
========================================================================
Received Import Request.
  Time since last request: 0.411009 seconds.
  path: Assets/Prefab/Evenement/Evenement BatD.prefab
  artifactKey: Guid(b3690f12b3a329f16a3ca8f110ec5985) Importer(815301076,1909f56bfc062723c751e8b465ee728b)
Start importing Assets/Prefab/Evenement/Evenement BatD.prefab using Guid(b3690f12b3a329f16a3ca8f110ec5985) Importer(815301076,1909f56bfc062723c751e8b465ee728b)  -> (artifact id: '37f25cdef532d355b72497689ec8a257') in 0.307361 seconds
Number of updated asset objects reloaded before import = 0
Number of asset objects unloaded after import = 3190
========================================================================
Received Import Request.
  Time since last request: 1.339329 seconds.
  path: Assets/Prefab/Evenement/Evenement BatD.prefab
  artifactKey: Guid(b3690f12b3a329f16a3ca8f110ec5985) Importer(815301076,1909f56bfc062723c751e8b465ee728b)
Start importing Assets/Prefab/Evenement/Evenement BatD.prefab using Guid(b3690f12b3a329f16a3ca8f110ec5985) Importer(815301076,1909f56bfc062723c751e8b465ee728b)  -> (artifact id: 'ce03b3013b0a67cf645d2492fb015324') in 0.314772 seconds
Number of updated asset objects reloaded before import = 0
Number of asset objects unloaded after import = 3190
========================================================================
Received Import Request.
  Time since last request: 0.729162 seconds.
  path: Assets/Prefab/Evenement/Evenement BatD.prefab
  artifactKey: Guid(b3690f12b3a329f16a3ca8f110ec5985) Importer(815301076,1909f56bfc062723c751e8b465ee728b)
Start importing Assets/Prefab/Evenement/Evenement BatD.prefab using Guid(b3690f12b3a329f16a3ca8f110ec5985) Importer(815301076,1909f56bfc062723c751e8b465ee728b)  -> (artifact id: 'd3d9435bcb78485f275ddede7dc3efec') in 0.323042 seconds
Number of updated asset objects reloaded before import = 0
Number of asset objects unloaded after import = 3190
========================================================================
Received Import Request.
  Time since last request: 0.325268 seconds.
  path: Assets/Prefab/Evenement/Evenement BatD.prefab
  artifactKey: Guid(b3690f12b3a329f16a3ca8f110ec5985) Importer(815301076,1909f56bfc062723c751e8b465ee728b)
Start importing Assets/Prefab/Evenement/Evenement BatD.prefab using Guid(b3690f12b3a329f16a3ca8f110ec5985) Importer(815301076,1909f56bfc062723c751e8b465ee728b)  -> (artifact id: '9782fea1dfd7c11fbcf392e69120ff38') in 0.309500 seconds
Number of updated asset objects reloaded before import = 0
Number of asset objects unloaded after import = 3190
========================================================================
Received Import Request.
  Time since last request: 0.547986 seconds.
  path: Assets/Prefab/Evenement/Evenement BatD.prefab
  artifactKey: Guid(b3690f12b3a329f16a3ca8f110ec5985) Importer(815301076,1909f56bfc062723c751e8b465ee728b)
Start importing Assets/Prefab/Evenement/Evenement BatD.prefab using Guid(b3690f12b3a329f16a3ca8f110ec5985) Importer(815301076,1909f56bfc062723c751e8b465ee728b)  -> (artifact id: '4680a9158e9fe1dec5c0b4697ade66c1') in 0.309803 seconds
Number of updated asset objects reloaded before import = 0
Number of asset objects unloaded after import = 3190
========================================================================
Received Import Request.
  Time since last request: 0.936910 seconds.
  path: Assets/Prefab/Evenement/Evenement BatD.prefab
  artifactKey: Guid(b3690f12b3a329f16a3ca8f110ec5985) Importer(815301076,1909f56bfc062723c751e8b465ee728b)
Start importing Assets/Prefab/Evenement/Evenement BatD.prefab using Guid(b3690f12b3a329f16a3ca8f110ec5985) Importer(815301076,1909f56bfc062723c751e8b465ee728b)  -> (artifact id: 'ae12da7fcc09262cb5b76b00a8ac5a68') in 0.312410 seconds
Number of updated asset objects reloaded before import = 0
Number of asset objects unloaded after import = 3190
========================================================================
Received Import Request.
  Time since last request: 34.691321 seconds.
  path: Assets/Prefab/Evenement/Evenement BatD.prefab
  artifactKey: Guid(b3690f12b3a329f16a3ca8f110ec5985) Importer(815301076,1909f56bfc062723c751e8b465ee728b)
Start importing Assets/Prefab/Evenement/Evenement BatD.prefab using Guid(b3690f12b3a329f16a3ca8f110ec5985) Importer(815301076,1909f56bfc062723c751e8b465ee728b)  -> (artifact id: '7cae0f015579fec8ec99278857894aac') in 0.318644 seconds
Number of updated asset objects reloaded before import = 0
Number of asset objects unloaded after import = 3190
========================================================================
Received Prepare
Shader Hidden/ProbeVolume/VoxelizeScene is not supported: GPU does not support conservative rasterization
Refreshing native plugins compatible for Editor in 3.49 ms, found 1 plugins.
Preloading 0 native plugins for Editor in 0.00 ms.
Unloading 8 Unused Serialized files (Serialized files now loaded: 0)
Unloading 8 unused Assets / (1.6 MB). Loaded Objects now: 7166.
Memory consumption went from 120.2 MB to 118.6 MB.
Total: 16.394563 ms (FindLiveObjects: 1.036096 ms CreateObjectMapping: 0.784326 ms MarkObjects: 12.513688 ms  DeleteObjects: 2.058383 ms)

Prepare: number of updated asset objects reloaded= 0
AssetImportParameters requested are different than current active one (requested -> active):
  custom:container-demuxer-ogg: 62fdf1f143b41e24485cea50d1cbac27 -> 
  custom:container-muxer-webm: aa71ff27fc2769a1b78a27578f13a17b -> 
  custom:video-decoder-webm-vp8: 9c59270c3fd7afecdb556c50c9e8de78 -> 
  custom:SearchIndexIgnoredProperties: e643bd26f0fe6173181afceb89e7c659 -> 
  custom:AudioImporter_EditorPlatform: 2f0ff77a95e0ac474e3e8eeba4e2f7cb -> 
  custom:audio-decoder-ogg-vorbis: bf7c407c2cedff20999df2af8eb42d56 -> 
  custom:audio-encoder-webm-vorbis: bf7c407c2cedff20999df2af8eb42d56 -> 
  custom:video-decoder-ogg-theora: a1e56fd34408186e4bbccfd4996cb3dc -> 
  custom:CustomObjectIndexerAttribute: f3847dcb39c2a616e8d79845aaae36f1 -> 
  custom:container-demuxer-webm: 4f35f7cbe854078d1ac9338744f61a02 -> 
  custom:video-encoder-webm-vp8: eb34c28f22e8b96e1ab97ce403110664 -> 
========================================================================
Received Import Request.
  Time since last request: 372.245779 seconds.
  path: Assets/Prefab/Evenement/Evenement BatD.prefab
  artifactKey: Guid(b3690f12b3a329f16a3ca8f110ec5985) Importer(815301076,1909f56bfc062723c751e8b465ee728b)
Start importing Assets/Prefab/Evenement/Evenement BatD.prefab using Guid(b3690f12b3a329f16a3ca8f110ec5985) Importer(815301076,1909f56bfc062723c751e8b465ee728b)  -> (artifact id: 'a925a48c9e584bc51ded896fb9133aa4') in 1.199837 seconds
Number of updated asset objects reloaded before import = 0
Number of asset objects unloaded after import = 3190
========================================================================
Received Import Request.
  Time since last request: 1.513369 seconds.
  path: Assets/Prefab/Evenement/Evenement BatD.prefab
  artifactKey: Guid(b3690f12b3a329f16a3ca8f110ec5985) Importer(815301076,1909f56bfc062723c751e8b465ee728b)
Start importing Assets/Prefab/Evenement/Evenement BatD.prefab using Guid(b3690f12b3a329f16a3ca8f110ec5985) Importer(815301076,1909f56bfc062723c751e8b465ee728b)  -> (artifact id: '1b5dcea7e5d3ee0bf46ecf5238cd9c3d') in 0.402828 seconds
Number of updated asset objects reloaded before import = 0
Number of asset objects unloaded after import = 3190
========================================================================
Received Import Request.
  Time since last request: 5.495969 seconds.
  path: Assets/Prefab/Evenement/Evenement BatD.prefab
  artifactKey: Guid(b3690f12b3a329f16a3ca8f110ec5985) Importer(815301076,1909f56bfc062723c751e8b465ee728b)
Start importing Assets/Prefab/Evenement/Evenement BatD.prefab using Guid(b3690f12b3a329f16a3ca8f110ec5985) Importer(815301076,1909f56bfc062723c751e8b465ee728b)  -> (artifact id: 'ad9d59c45396c5b8fff06b848af63bff') in 0.333122 seconds
Number of updated asset objects reloaded before import = 0
Number of asset objects unloaded after import = 3190
========================================================================
Received Prepare
Begin MonoManager ReloadAssembly
- Loaded All Assemblies, in  2.055 seconds
Refreshing native plugins compatible for Editor in 3.61 ms, found 1 plugins.
Native extension for LinuxStandalone target not found
Native extension for iOS target not found
Native extension for Android target not found
Native extension for WebGL target not found
[Package Manager] Server::EnsureServerProcessIsRunning -- launch failed, reason: Unity was launched with the -noUpm command-line argument
[Package Manager] UpmClient::Send -- Unable to send message (not connected to UPM process).
[Package Manager] Cannot connect to Unity Package Manager local server
Mono: successfully reloaded assembly
[Package Manager] Server::EnsureServerProcessIsRunning -- launch failed, reason: Unity was launched with the -noUpm command-line argument
[Package Manager] UpmClient::Send -- Unable to send message (not connected to UPM process).
[Package Manager] Cannot connect to Unity Package Manager local server
- Finished resetting the current domain, in  3.247 seconds
Domain Reload Profiling: 5297ms
	BeginReloadAssembly (685ms)
		ExecutionOrderSort (0ms)
		DisableScriptedObjects (46ms)
		BackupInstance (0ms)
		ReleaseScriptingObjects (1ms)
		CreateAndSetChildDomain (292ms)
	RebuildCommonClasses (95ms)
	RebuildNativeTypeToScriptingClass (34ms)
	initialDomainReloadingComplete (134ms)
	LoadAllAssembliesAndSetupDomain (1102ms)
		LoadAssemblies (1174ms)
		RebuildTransferFunctionScriptingTraits (0ms)
		AnalyzeDomain (176ms)
			TypeCache.Refresh (60ms)
				TypeCache.ScanAssembly (19ms)
			ScanForSourceGeneratedMonoScriptInfo (77ms)
			ResolveRequiredComponents (38ms)
	FinalizeReload (3248ms)
		ReleaseScriptCaches (0ms)
		RebuildScriptCaches (0ms)
		SetupLoadedEditorAssemblies (888ms)
			LogAssemblyErrors (0ms)
			InitializePlatformSupportModulesInManaged (65ms)
			SetLoadedEditorAssemblies (13ms)
			RefreshPlugins (0ms)
			BeforeProcessingInitializeOnLoad (168ms)
			ProcessInitializeOnLoadAttributes (470ms)
			ProcessInitializeOnLoadMethodAttributes (163ms)
			AfterProcessingInitializeOnLoad (9ms)
			EditorAssembliesLoaded (1ms)
		ExecutionOrderSort2 (0ms)
		AwakeInstancesAfterBackupRestoration (29ms)
Shader Hidden/ProbeVolume/VoxelizeScene is not supported: GPU does not support conservative rasterization
Refreshing native plugins compatible for Editor in 3.95 ms, found 1 plugins.
Preloading 0 native plugins for Editor in 0.00 ms.
Unloading 6362 Unused Serialized files (Serialized files now loaded: 0)
Unloading 49 unused Assets / (1.6 MB). Loaded Objects now: 7126.
Memory consumption went from 220.7 MB to 219.1 MB.
Total: 11.614981 ms (FindLiveObjects: 0.717597 ms CreateObjectMapping: 0.678248 ms MarkObjects: 7.899743 ms  DeleteObjects: 2.316936 ms)

Prepare: number of updated asset objects reloaded= 0
AssetImportParameters requested are different than current active one (requested -> active):
  custom:container-demuxer-ogg: 62fdf1f143b41e24485cea50d1cbac27 -> 
  custom:container-muxer-webm: aa71ff27fc2769a1b78a27578f13a17b -> 
  custom:video-decoder-webm-vp8: 9c59270c3fd7afecdb556c50c9e8de78 -> 
  custom:SearchIndexIgnoredProperties: e643bd26f0fe6173181afceb89e7c659 -> 
  custom:AudioImporter_EditorPlatform: 2f0ff77a95e0ac474e3e8eeba4e2f7cb -> 
  custom:audio-decoder-ogg-vorbis: bf7c407c2cedff20999df2af8eb42d56 -> 
  custom:audio-encoder-webm-vorbis: bf7c407c2cedff20999df2af8eb42d56 -> 
  custom:video-decoder-ogg-theora: a1e56fd34408186e4bbccfd4996cb3dc -> 
  custom:CustomObjectIndexerAttribute: f3847dcb39c2a616e8d79845aaae36f1 -> 
  custom:container-demuxer-webm: 4f35f7cbe854078d1ac9338744f61a02 -> 
  custom:video-encoder-webm-vp8: eb34c28f22e8b96e1ab97ce403110664 -> 
========================================================================
Received Prepare
Shader Hidden/ProbeVolume/VoxelizeScene is not supported: GPU does not support conservative rasterization
Refreshing native plugins compatible for Editor in 5.40 ms, found 1 plugins.
Preloading 0 native plugins for Editor in 0.00 ms.
Unloading 8 Unused Serialized files (Serialized files now loaded: 0)
Unloading 8 unused Assets / (1.6 MB). Loaded Objects now: 7126.
Memory consumption went from 121.8 MB to 120.2 MB.
Total: 12.595246 ms (FindLiveObjects: 0.717984 ms CreateObjectMapping: 0.721932 ms MarkObjects: 9.114952 ms  DeleteObjects: 2.038213 ms)

Prepare: number of updated asset objects reloaded= 0
AssetImportParameters requested are different than current active one (requested -> active):
  custom:container-demuxer-ogg: 62fdf1f143b41e24485cea50d1cbac27 -> 
  custom:container-muxer-webm: aa71ff27fc2769a1b78a27578f13a17b -> 
  custom:video-decoder-webm-vp8: 9c59270c3fd7afecdb556c50c9e8de78 -> 
  custom:SearchIndexIgnoredProperties: e643bd26f0fe6173181afceb89e7c659 -> 
  custom:AudioImporter_EditorPlatform: 2f0ff77a95e0ac474e3e8eeba4e2f7cb -> 
  custom:audio-decoder-ogg-vorbis: bf7c407c2cedff20999df2af8eb42d56 -> 
  custom:audio-encoder-webm-vorbis: bf7c407c2cedff20999df2af8eb42d56 -> 
  custom:video-decoder-ogg-theora: a1e56fd34408186e4bbccfd4996cb3dc -> 
  custom:CustomObjectIndexerAttribute: f3847dcb39c2a616e8d79845aaae36f1 -> 
  custom:container-demuxer-webm: 4f35f7cbe854078d1ac9338744f61a02 -> 
  custom:video-encoder-webm-vp8: eb34c28f22e8b96e1ab97ce403110664 -> 
